{"C:\\Users\\Mohammad Zeeshan\\Desktop\\Foody-App\\src\\components\\Body.js": {"path":"C:\\Users\\Mohammad Zeeshan\\Desktop\\Foody-App\\src\\components\\Body.js","statementMap":{"0":{"start":{"line":8,"column":20},"end":{"line":92,"column":1}},"1":{"start":{"line":9,"column":50},"end":{"line":9,"column":62}},"2":{"start":{"line":10,"column":62},"end":{"line":10,"column":74}},"3":{"start":{"line":11,"column":38},"end":{"line":11,"column":50}},"4":{"start":{"line":12,"column":23},"end":{"line":12,"column":40}},"5":{"start":{"line":13,"column":29},"end":{"line":13,"column":64}},"6":{"start":{"line":15,"column":2},"end":{"line":17,"column":9}},"7":{"start":{"line":16,"column":4},"end":{"line":16,"column":15}},"8":{"start":{"line":19,"column":19},"end":{"line":30,"column":3}},"9":{"start":{"line":20,"column":17},"end":{"line":22,"column":5}},"10":{"start":{"line":23,"column":17},"end":{"line":23,"column":34}},"11":{"start":{"line":24,"column":4},"end":{"line":26,"column":6}},"12":{"start":{"line":27,"column":4},"end":{"line":29,"column":6}},"13":{"start":{"line":32,"column":2},"end":{"line":35,"column":6}},"14":{"start":{"line":33,"column":4},"end":{"line":35,"column":6}},"15":{"start":{"line":37,"column":2},"end":{"line":91,"column":4}},"16":{"start":{"line":49,"column":14},"end":{"line":49,"column":44}},"17":{"start":{"line":55,"column":33},"end":{"line":57,"column":15}},"18":{"start":{"line":56,"column":16},"end":{"line":56,"column":78}},"19":{"start":{"line":58,"column":14},"end":{"line":58,"column":54}},"20":{"start":{"line":66,"column":31},"end":{"line":68,"column":15}},"21":{"start":{"line":67,"column":25},"end":{"line":67,"column":49}},"22":{"start":{"line":69,"column":14},"end":{"line":69,"column":52}},"23":{"start":{"line":78,"column":10},"end":{"line":87,"column":17}}},"fnMap":{"0":{"name":"(anonymous_0)","decl":{"start":{"line":8,"column":20},"end":{"line":8,"column":21}},"loc":{"start":{"line":8,"column":26},"end":{"line":92,"column":1}},"line":8},"1":{"name":"(anonymous_1)","decl":{"start":{"line":15,"column":12},"end":{"line":15,"column":13}},"loc":{"start":{"line":15,"column":18},"end":{"line":17,"column":3}},"line":15},"2":{"name":"(anonymous_2)","decl":{"start":{"line":19,"column":19},"end":{"line":19,"column":20}},"loc":{"start":{"line":19,"column":31},"end":{"line":30,"column":3}},"line":19},"3":{"name":"(anonymous_3)","decl":{"start":{"line":48,"column":22},"end":{"line":48,"column":23}},"loc":{"start":{"line":48,"column":29},"end":{"line":50,"column":13}},"line":48},"4":{"name":"(anonymous_4)","decl":{"start":{"line":54,"column":21},"end":{"line":54,"column":22}},"loc":{"start":{"line":54,"column":27},"end":{"line":59,"column":13}},"line":54},"5":{"name":"(anonymous_5)","decl":{"start":{"line":55,"column":57},"end":{"line":55,"column":58}},"loc":{"start":{"line":56,"column":16},"end":{"line":56,"column":78}},"line":56},"6":{"name":"(anonymous_6)","decl":{"start":{"line":65,"column":21},"end":{"line":65,"column":22}},"loc":{"start":{"line":65,"column":27},"end":{"line":70,"column":13}},"line":65},"7":{"name":"(anonymous_7)","decl":{"start":{"line":67,"column":16},"end":{"line":67,"column":17}},"loc":{"start":{"line":67,"column":25},"end":{"line":67,"column":49}},"line":67},"8":{"name":"(anonymous_8)","decl":{"start":{"line":77,"column":36},"end":{"line":77,"column":37}},"loc":{"start":{"line":78,"column":10},"end":{"line":87,"column":17}},"line":78}},"branchMap":{"0":{"loc":{"start":{"line":32,"column":2},"end":{"line":35,"column":6}},"type":"if","locations":[{"start":{"line":32,"column":2},"end":{"line":35,"column":6}},{"start":{},"end":{}}],"line":32},"1":{"loc":{"start":{"line":37,"column":9},"end":{"line":91,"column":3}},"type":"cond-expr","locations":[{"start":{"line":38,"column":4},"end":{"line":38,"column":15}},{"start":{"line":40,"column":4},"end":{"line":90,"column":10}}],"line":37},"2":{"loc":{"start":{"line":82,"column":13},"end":{"line":86,"column":13}},"type":"cond-expr","locations":[{"start":{"line":83,"column":14},"end":{"line":83,"column":57}},{"start":{"line":85,"column":14},"end":{"line":85,"column":53}}],"line":82}},"s":{"0":1,"1":7,"2":7,"3":7,"4":7,"5":7,"6":7,"7":2,"8":7,"9":2,"10":2,"11":2,"12":2,"13":7,"14":0,"15":7,"16":1,"17":1,"18":20,"19":1,"20":1,"21":20,"22":1,"23":74},"f":{"0":7,"1":2,"2":2,"3":1,"4":1,"5":20,"6":1,"7":20,"8":74},"b":{"0":[0,7],"1":[2,5],"2":[57,17]},"_coverageSchema":"1a1c01bbd47fc00a2c39e90264f33305004495a9","hash":"2a0e641e6e0613440f5ec391b13789e79febefa7"}
,"C:\\Users\\Mohammad Zeeshan\\Desktop\\Foody-App\\src\\components\\Cart.js": {"path":"C:\\Users\\Mohammad Zeeshan\\Desktop\\Foody-App\\src\\components\\Cart.js","statementMap":{"0":{"start":{"line":6,"column":20},"end":{"line":6,"column":60}},"1":{"start":{"line":6,"column":43},"end":{"line":6,"column":59}},"2":{"start":{"line":8,"column":19},"end":{"line":8,"column":32}},"3":{"start":{"line":10,"column":26},"end":{"line":12,"column":3}},"4":{"start":{"line":11,"column":4},"end":{"line":11,"column":26}},"5":{"start":{"line":14,"column":2},"end":{"line":23,"column":4}}},"fnMap":{"0":{"name":"Cart","decl":{"start":{"line":5,"column":9},"end":{"line":5,"column":13}},"loc":{"start":{"line":5,"column":16},"end":{"line":24,"column":1}},"line":5},"1":{"name":"(anonymous_1)","decl":{"start":{"line":6,"column":32},"end":{"line":6,"column":33}},"loc":{"start":{"line":6,"column":43},"end":{"line":6,"column":59}},"line":6},"2":{"name":"(anonymous_2)","decl":{"start":{"line":10,"column":26},"end":{"line":10,"column":27}},"loc":{"start":{"line":10,"column":31},"end":{"line":12,"column":3}},"line":10}},"branchMap":{"0":{"loc":{"start":{"line":19,"column":9},"end":{"line":19,"column":133}},"type":"binary-expr","locations":[{"start":{"line":19,"column":9},"end":{"line":19,"column":31}},{"start":{"line":19,"column":35},"end":{"line":19,"column":133}}],"line":19}},"s":{"0":0,"1":0,"2":0,"3":0,"4":0,"5":0},"f":{"0":0,"1":0,"2":0},"b":{"0":[0,0]},"_coverageSchema":"1a1c01bbd47fc00a2c39e90264f33305004495a9","hash":"57f61c3dfebdfb2a04a0d25ba6872859bd2c4a3e"}
,"C:\\Users\\Mohammad Zeeshan\\Desktop\\Foody-App\\src\\components\\Contact.js": {"path":"C:\\Users\\Mohammad Zeeshan\\Desktop\\Foody-App\\src\\components\\Contact.js","statementMap":{"0":{"start":{"line":4,"column":2},"end":{"line":15,"column":3}}},"fnMap":{"0":{"name":"Contact","decl":{"start":{"line":3,"column":9},"end":{"line":3,"column":16}},"loc":{"start":{"line":3,"column":19},"end":{"line":16,"column":1}},"line":3}},"branchMap":{},"s":{"0":4},"f":{"0":4},"b":{},"_coverageSchema":"1a1c01bbd47fc00a2c39e90264f33305004495a9","hash":"af5525ee475581f6212b6c3c62a511e7c056466e"}
,"C:\\Users\\Mohammad Zeeshan\\Desktop\\Foody-App\\src\\components\\Header.js": {"path":"C:\\Users\\Mohammad Zeeshan\\Desktop\\Foody-App\\src\\components\\Header.js","statementMap":{"0":{"start":{"line":8,"column":22},"end":{"line":49,"column":1}},"1":{"start":{"line":9,"column":23},"end":{"line":9,"column":40}},"2":{"start":{"line":10,"column":32},"end":{"line":10,"column":49}},"3":{"start":{"line":12,"column":18},"end":{"line":12,"column":56}},"4":{"start":{"line":12,"column":39},"end":{"line":12,"column":55}},"5":{"start":{"line":14,"column":2},"end":{"line":48,"column":4}},"6":{"start":{"line":40,"column":14},"end":{"line":40,"column":79}}},"fnMap":{"0":{"name":"(anonymous_0)","decl":{"start":{"line":8,"column":22},"end":{"line":8,"column":23}},"loc":{"start":{"line":8,"column":28},"end":{"line":49,"column":1}},"line":8},"1":{"name":"(anonymous_1)","decl":{"start":{"line":12,"column":30},"end":{"line":12,"column":31}},"loc":{"start":{"line":12,"column":39},"end":{"line":12,"column":55}},"line":12},"2":{"name":"(anonymous_2)","decl":{"start":{"line":39,"column":21},"end":{"line":39,"column":22}},"loc":{"start":{"line":39,"column":27},"end":{"line":41,"column":13}},"line":39}},"branchMap":{"0":{"loc":{"start":{"line":21,"column":47},"end":{"line":21,"column":70}},"type":"cond-expr","locations":[{"start":{"line":21,"column":62},"end":{"line":21,"column":65}},{"start":{"line":21,"column":67},"end":{"line":21,"column":70}}],"line":21},"1":{"loc":{"start":{"line":40,"column":14},"end":{"line":40,"column":78}},"type":"cond-expr","locations":[{"start":{"line":40,"column":36},"end":{"line":40,"column":56}},{"start":{"line":40,"column":59},"end":{"line":40,"column":78}}],"line":40}},"s":{"0":2,"1":3,"2":3,"3":3,"4":5,"5":3,"6":1},"f":{"0":3,"1":5,"2":1},"b":{"0":[3,0],"1":[1,0]},"_coverageSchema":"1a1c01bbd47fc00a2c39e90264f33305004495a9","hash":"9428834694764e953586e6202b46cd6bf7f172c1"}
,"C:\\Users\\Mohammad Zeeshan\\Desktop\\Foody-App\\src\\components\\ItemList.js": {"path":"C:\\Users\\Mohammad Zeeshan\\Desktop\\Foody-App\\src\\components\\ItemList.js","statementMap":{"0":{"start":{"line":7,"column":17},"end":{"line":7,"column":30}},"1":{"start":{"line":9,"column":23},"end":{"line":11,"column":3}},"2":{"start":{"line":10,"column":7},"end":{"line":10,"column":31}},"3":{"start":{"line":13,"column":2},"end":{"line":45,"column":4}},"4":{"start":{"line":16,"column":8},"end":{"line":42,"column":6}},"5":{"start":{"line":33,"column":73},"end":{"line":33,"column":91}}},"fnMap":{"0":{"name":"ItemList","decl":{"start":{"line":6,"column":9},"end":{"line":6,"column":17}},"loc":{"start":{"line":6,"column":29},"end":{"line":46,"column":1}},"line":6},"1":{"name":"(anonymous_1)","decl":{"start":{"line":9,"column":23},"end":{"line":9,"column":24}},"loc":{"start":{"line":9,"column":32},"end":{"line":11,"column":3}},"line":9},"2":{"name":"(anonymous_2)","decl":{"start":{"line":15,"column":17},"end":{"line":15,"column":18}},"loc":{"start":{"line":16,"column":8},"end":{"line":42,"column":6}},"line":16},"3":{"name":"(anonymous_3)","decl":{"start":{"line":33,"column":69},"end":{"line":33,"column":70}},"loc":{"start":{"line":33,"column":73},"end":{"line":33,"column":91}},"line":33}},"branchMap":{"0":{"loc":{"start":{"line":25,"column":17},"end":{"line":26,"column":51}},"type":"binary-expr","locations":[{"start":{"line":25,"column":17},"end":{"line":25,"column":43}},{"start":{"line":26,"column":18},"end":{"line":26,"column":51}}],"line":25}},"s":{"0":0,"1":0,"2":0,"3":0,"4":0,"5":0},"f":{"0":0,"1":0,"2":0,"3":0},"b":{"0":[0,0]},"_coverageSchema":"1a1c01bbd47fc00a2c39e90264f33305004495a9","hash":"6524c5538467cfd23a3d9d066fabdcc45fd7a4ac"}
,"C:\\Users\\Mohammad Zeeshan\\Desktop\\Foody-App\\src\\components\\RestaurantCard.js": {"path":"C:\\Users\\Mohammad Zeeshan\\Desktop\\Foody-App\\src\\components\\RestaurantCard.js","statementMap":{"0":{"start":{"line":3,"column":30},"end":{"line":24,"column":1}},"1":{"start":{"line":4,"column":22},"end":{"line":4,"column":27}},"2":{"start":{"line":6,"column":4},"end":{"line":6,"column":17}},"3":{"start":{"line":7,"column":2},"end":{"line":23,"column":4}},"4":{"start":{"line":26,"column":35},"end":{"line":35,"column":1}},"5":{"start":{"line":27,"column":2},"end":{"line":34,"column":4}},"6":{"start":{"line":28,"column":4},"end":{"line":33,"column":6}}},"fnMap":{"0":{"name":"(anonymous_0)","decl":{"start":{"line":3,"column":30},"end":{"line":3,"column":31}},"loc":{"start":{"line":3,"column":41},"end":{"line":24,"column":1}},"line":3},"1":{"name":"(anonymous_1)","decl":{"start":{"line":26,"column":35},"end":{"line":26,"column":36}},"loc":{"start":{"line":26,"column":55},"end":{"line":35,"column":1}},"line":26},"2":{"name":"(anonymous_2)","decl":{"start":{"line":27,"column":9},"end":{"line":27,"column":10}},"loc":{"start":{"line":27,"column":20},"end":{"line":34,"column":3}},"line":27}},"branchMap":{},"s":{"0":2,"1":76,"2":76,"3":76,"4":2,"5":8,"6":58},"f":{"0":76,"1":8,"2":58},"b":{},"_coverageSchema":"1a1c01bbd47fc00a2c39e90264f33305004495a9","hash":"f99e485028276c9c34d84a10c75ec441b63d69c8"}
,"C:\\Users\\Mohammad Zeeshan\\Desktop\\Foody-App\\src\\components\\RestaurantCategory.js": {"path":"C:\\Users\\Mohammad Zeeshan\\Desktop\\Foody-App\\src\\components\\RestaurantCategory.js","statementMap":{"0":{"start":{"line":6,"column":25},"end":{"line":8,"column":5}},"1":{"start":{"line":7,"column":8},"end":{"line":7,"column":22}},"2":{"start":{"line":9,"column":2},"end":{"line":23,"column":4}}},"fnMap":{"0":{"name":"RestaurantCategory","decl":{"start":{"line":5,"column":9},"end":{"line":5,"column":27}},"loc":{"start":{"line":5,"column":62},"end":{"line":24,"column":1}},"line":5},"1":{"name":"(anonymous_1)","decl":{"start":{"line":6,"column":25},"end":{"line":6,"column":26}},"loc":{"start":{"line":6,"column":29},"end":{"line":8,"column":5}},"line":6}},"branchMap":{"0":{"loc":{"start":{"line":20,"column":5},"end":{"line":20,"column":54}},"type":"binary-expr","locations":[{"start":{"line":20,"column":5},"end":{"line":20,"column":14}},{"start":{"line":20,"column":18},"end":{"line":20,"column":54}}],"line":20}},"s":{"0":0,"1":0,"2":0},"f":{"0":0,"1":0},"b":{"0":[0,0]},"_coverageSchema":"1a1c01bbd47fc00a2c39e90264f33305004495a9","hash":"bfbe0440789714e382a0117176bced73ae1eae4a"}
,"C:\\Users\\Mohammad Zeeshan\\Desktop\\Foody-App\\src\\components\\RestaurantMenu.js": {"path":"C:\\Users\\Mohammad Zeeshan\\Desktop\\Foody-App\\src\\components\\RestaurantMenu.js","statementMap":{"0":{"start":{"line":9,"column":23},"end":{"line":57,"column":1}},"1":{"start":{"line":11,"column":17},"end":{"line":11,"column":28}},"2":{"start":{"line":12,"column":18},"end":{"line":12,"column":42}},"3":{"start":{"line":13,"column":34},"end":{"line":13,"column":48}},"4":{"start":{"line":27,"column":2},"end":{"line":27,"column":43}},"5":{"start":{"line":27,"column":25},"end":{"line":27,"column":43}},"6":{"start":{"line":30,"column":2},"end":{"line":30,"column":38}},"7":{"start":{"line":32,"column":2},"end":{"line":32,"column":78}},"8":{"start":{"line":34,"column":20},"end":{"line":34,"column":186}},"9":{"start":{"line":34,"column":93},"end":{"line":34,"column":184}},"10":{"start":{"line":36,"column":2},"end":{"line":56,"column":4}},"11":{"start":{"line":42,"column":43},"end":{"line":45,"column":8}},"12":{"start":{"line":44,"column":24},"end":{"line":44,"column":43}}},"fnMap":{"0":{"name":"(anonymous_0)","decl":{"start":{"line":9,"column":23},"end":{"line":9,"column":24}},"loc":{"start":{"line":9,"column":29},"end":{"line":57,"column":1}},"line":9},"1":{"name":"(anonymous_1)","decl":{"start":{"line":34,"column":90},"end":{"line":34,"column":91}},"loc":{"start":{"line":34,"column":93},"end":{"line":34,"column":184}},"line":34},"2":{"name":"(anonymous_2)","decl":{"start":{"line":42,"column":22},"end":{"line":42,"column":23}},"loc":{"start":{"line":42,"column":43},"end":{"line":45,"column":8}},"line":42},"3":{"name":"(anonymous_3)","decl":{"start":{"line":44,"column":20},"end":{"line":44,"column":21}},"loc":{"start":{"line":44,"column":24},"end":{"line":44,"column":43}},"line":44}},"branchMap":{"0":{"loc":{"start":{"line":27,"column":2},"end":{"line":27,"column":43}},"type":"if","locations":[{"start":{"line":27,"column":2},"end":{"line":27,"column":43}},{"start":{},"end":{}}],"line":27},"1":{"loc":{"start":{"line":43,"column":19},"end":{"line":43,"column":53}},"type":"cond-expr","locations":[{"start":{"line":43,"column":41},"end":{"line":43,"column":45}},{"start":{"line":43,"column":48},"end":{"line":43,"column":53}}],"line":43}},"s":{"0":1,"1":6,"2":5,"3":5,"4":5,"5":1,"6":4,"7":0,"8":0,"9":0,"10":0,"11":0,"12":0},"f":{"0":6,"1":0,"2":0,"3":0},"b":{"0":[1,4],"1":[0,0]},"_coverageSchema":"1a1c01bbd47fc00a2c39e90264f33305004495a9","hash":"2eb5f24cb6793d0eca35af47f50801a4de287207"}
,"C:\\Users\\Mohammad Zeeshan\\Desktop\\Foody-App\\src\\components\\sum.js": {"path":"C:\\Users\\Mohammad Zeeshan\\Desktop\\Foody-App\\src\\components\\sum.js","statementMap":{"0":{"start":{"line":1,"column":19},"end":{"line":3,"column":1}},"1":{"start":{"line":2,"column":2},"end":{"line":2,"column":15}}},"fnMap":{"0":{"name":"(anonymous_0)","decl":{"start":{"line":1,"column":19},"end":{"line":1,"column":20}},"loc":{"start":{"line":1,"column":29},"end":{"line":3,"column":1}},"line":1}},"branchMap":{},"s":{"0":1,"1":1},"f":{"0":1},"b":{},"_coverageSchema":"1a1c01bbd47fc00a2c39e90264f33305004495a9","hash":"218b737b7f260227ed4b3596e7a9e17855a61067"}
,"C:\\Users\\Mohammad Zeeshan\\Desktop\\Foody-App\\src\\utils\\AppStore.js": {"path":"C:\\Users\\Mohammad Zeeshan\\Desktop\\Foody-App\\src\\utils\\AppStore.js","statementMap":{"0":{"start":{"line":4,"column":17},"end":{"line":9,"column":2}}},"fnMap":{},"branchMap":{},"s":{"0":2},"f":{},"b":{},"_coverageSchema":"1a1c01bbd47fc00a2c39e90264f33305004495a9","hash":"49fac7cd5336c8e72694195ca66357d84c138f8f"}
,"C:\\Users\\Mohammad Zeeshan\\Desktop\\Foody-App\\src\\utils\\CreateSlice.js": {"path":"C:\\Users\\Mohammad Zeeshan\\Desktop\\Foody-App\\src\\utils\\CreateSlice.js","statementMap":{"0":{"start":{"line":3,"column":18},"end":{"line":19,"column":2}},"1":{"start":{"line":10,"column":12},"end":{"line":10,"column":44}},"2":{"start":{"line":13,"column":12},"end":{"line":13,"column":27}},"3":{"start":{"line":16,"column":12},"end":{"line":16,"column":34}},"4":{"start":{"line":21,"column":51},"end":{"line":21,"column":68}}},"fnMap":{"0":{"name":"(anonymous_0)","decl":{"start":{"line":9,"column":19},"end":{"line":9,"column":20}},"loc":{"start":{"line":9,"column":36},"end":{"line":11,"column":9}},"line":9},"1":{"name":"(anonymous_1)","decl":{"start":{"line":12,"column":20},"end":{"line":12,"column":21}},"loc":{"start":{"line":12,"column":29},"end":{"line":14,"column":9}},"line":12},"2":{"name":"(anonymous_2)","decl":{"start":{"line":15,"column":20},"end":{"line":15,"column":21}},"loc":{"start":{"line":15,"column":29},"end":{"line":17,"column":9}},"line":15}},"branchMap":{},"s":{"0":2,"1":0,"2":0,"3":0,"4":2},"f":{"0":0,"1":0,"2":0},"b":{},"_coverageSchema":"1a1c01bbd47fc00a2c39e90264f33305004495a9","hash":"4bed4829d9475a8ab4fb536c3281349d5eb02a87"}
,"C:\\Users\\Mohammad Zeeshan\\Desktop\\Foody-App\\src\\utils\\Shimmer.js": {"path":"C:\\Users\\Mohammad Zeeshan\\Desktop\\Foody-App\\src\\utils\\Shimmer.js","statementMap":{"0":{"start":{"line":4,"column":2},"end":{"line":22,"column":3}}},"fnMap":{"0":{"name":"Shimmer","decl":{"start":{"line":3,"column":9},"end":{"line":3,"column":16}},"loc":{"start":{"line":3,"column":19},"end":{"line":23,"column":1}},"line":3}},"branchMap":{},"s":{"0":3},"f":{"0":3},"b":{},"_coverageSchema":"1a1c01bbd47fc00a2c39e90264f33305004495a9","hash":"e3f99ad2470a5d968472cbb61b03c8db710e5807"}
,"C:\\Users\\Mohammad Zeeshan\\Desktop\\Foody-App\\src\\utils\\UseOnlineStatus.js": {"path":"C:\\Users\\Mohammad Zeeshan\\Desktop\\Foody-App\\src\\utils\\UseOnlineStatus.js","statementMap":{"0":{"start":{"line":5,"column":45},"end":{"line":5,"column":59}},"1":{"start":{"line":7,"column":4},"end":{"line":14,"column":9}},"2":{"start":{"line":8,"column":4},"end":{"line":10,"column":6}},"3":{"start":{"line":9,"column":8},"end":{"line":9,"column":30}},"4":{"start":{"line":11,"column":4},"end":{"line":13,"column":6}},"5":{"start":{"line":12,"column":8},"end":{"line":12,"column":29}},"6":{"start":{"line":16,"column":2},"end":{"line":16,"column":21}}},"fnMap":{"0":{"name":"UseOnlineStatus","decl":{"start":{"line":3,"column":9},"end":{"line":3,"column":24}},"loc":{"start":{"line":3,"column":27},"end":{"line":17,"column":1}},"line":3},"1":{"name":"(anonymous_1)","decl":{"start":{"line":7,"column":14},"end":{"line":7,"column":15}},"loc":{"start":{"line":7,"column":18},"end":{"line":14,"column":5}},"line":7},"2":{"name":"(anonymous_2)","decl":{"start":{"line":8,"column":38},"end":{"line":8,"column":39}},"loc":{"start":{"line":8,"column":42},"end":{"line":10,"column":5}},"line":8},"3":{"name":"(anonymous_3)","decl":{"start":{"line":11,"column":37},"end":{"line":11,"column":38}},"loc":{"start":{"line":11,"column":41},"end":{"line":13,"column":5}},"line":11}},"branchMap":{},"s":{"0":10,"1":10,"2":4,"3":0,"4":4,"5":0,"6":10},"f":{"0":10,"1":4,"2":0,"3":0},"b":{},"_coverageSchema":"1a1c01bbd47fc00a2c39e90264f33305004495a9","hash":"b7257cdd4b8088a18e3c7bea84c46ef91e84f17a"}
,"C:\\Users\\Mohammad Zeeshan\\Desktop\\Foody-App\\src\\utils\\constant.js": {"path":"C:\\Users\\Mohammad Zeeshan\\Desktop\\Foody-App\\src\\utils\\constant.js","statementMap":{"0":{"start":{"line":1,"column":24},"end":{"line":1,"column":121}},"1":{"start":{"line":3,"column":25},"end":{"line":3,"column":108}},"2":{"start":{"line":5,"column":24},"end":{"line":5,"column":154}}},"fnMap":{},"branchMap":{},"s":{"0":4,"1":4,"2":4},"f":{},"b":{},"_coverageSchema":"1a1c01bbd47fc00a2c39e90264f33305004495a9","hash":"322b4c74b8c8700e85828e95485d4ddc2f6a0cb3"}
,"C:\\Users\\Mohammad Zeeshan\\Desktop\\Foody-App\\src\\utils\\useRestaurantMenu.js": {"path":"C:\\Users\\Mohammad Zeeshan\\Desktop\\Foody-App\\src\\utils\\useRestaurantMenu.js","statementMap":{"0":{"start":{"line":6,"column":32},"end":{"line":6,"column":46}},"1":{"start":{"line":8,"column":4},"end":{"line":10,"column":13}},"2":{"start":{"line":9,"column":8},"end":{"line":9,"column":20}},"3":{"start":{"line":12,"column":24},"end":{"line":18,"column":7}},"4":{"start":{"line":13,"column":21},"end":{"line":15,"column":9}},"5":{"start":{"line":16,"column":21},"end":{"line":16,"column":38}},"6":{"start":{"line":17,"column":8},"end":{"line":17,"column":32}},"7":{"start":{"line":20,"column":2},"end":{"line":20,"column":17}}},"fnMap":{"0":{"name":"useRestaurantMenu","decl":{"start":{"line":5,"column":9},"end":{"line":5,"column":26}},"loc":{"start":{"line":5,"column":34},"end":{"line":21,"column":1}},"line":5},"1":{"name":"(anonymous_1)","decl":{"start":{"line":8,"column":14},"end":{"line":8,"column":15}},"loc":{"start":{"line":8,"column":20},"end":{"line":10,"column":7}},"line":8},"2":{"name":"(anonymous_2)","decl":{"start":{"line":12,"column":24},"end":{"line":12,"column":25}},"loc":{"start":{"line":12,"column":36},"end":{"line":18,"column":7}},"line":12}},"branchMap":{},"s":{"0":5,"1":5,"2":1,"3":5,"4":1,"5":1,"6":1,"7":5},"f":{"0":5,"1":1,"2":1},"b":{},"_coverageSchema":"1a1c01bbd47fc00a2c39e90264f33305004495a9","hash":"fc3193d680b17ef0d5b05740b5deba1d6d69a53c"}
}
