TN:
SF:src\components\Body.js
FN:8,(anonymous_0)
FN:15,(anonymous_1)
FN:19,(anonymous_2)
FN:48,(anonymous_3)
FN:54,(anonymous_4)
FN:55,(anonymous_5)
FN:65,(anonymous_6)
FN:67,(anonymous_7)
FN:77,(anonymous_8)
FNF:9
FNH:9
FNDA:7,(anonymous_0)
FNDA:2,(anonymous_1)
FNDA:2,(anonymous_2)
FNDA:1,(anonymous_3)
FNDA:1,(anonymous_4)
FNDA:20,(anonymous_5)
FNDA:1,(anonymous_6)
FNDA:20,(anonymous_7)
FNDA:74,(anonymous_8)
DA:8,1
DA:9,7
DA:10,7
DA:11,7
DA:12,7
DA:13,7
DA:15,7
DA:16,2
DA:19,7
DA:20,2
DA:23,2
DA:24,2
DA:27,2
DA:32,7
DA:33,0
DA:37,7
DA:49,1
DA:55,1
DA:56,20
DA:58,1
DA:66,1
DA:67,20
DA:69,1
DA:78,74
LF:24
LH:23
BRDA:32,0,0,0
BRDA:32,0,1,7
BRDA:37,1,0,2
BRDA:37,1,1,5
BRDA:82,2,0,57
BRDA:82,2,1,17
BRF:6
BRH:5
end_of_record
TN:
SF:src\components\Cart.js
FN:5,Cart
FN:6,(anonymous_1)
FN:10,(anonymous_2)
FNF:3
FNH:0
FNDA:0,Cart
FNDA:0,(anonymous_1)
FNDA:0,(anonymous_2)
DA:6,0
DA:8,0
DA:10,0
DA:11,0
DA:14,0
LF:5
LH:0
BRDA:19,0,0,0
BRDA:19,0,1,0
BRF:2
BRH:0
end_of_record
TN:
SF:src\components\Contact.js
FN:3,Contact
FNF:1
FNH:1
FNDA:4,Contact
DA:4,4
LF:1
LH:1
BRF:0
BRH:0
end_of_record
TN:
SF:src\components\Header.js
FN:8,(anonymous_0)
FN:12,(anonymous_1)
FN:39,(anonymous_2)
FNF:3
FNH:3
FNDA:3,(anonymous_0)
FNDA:5,(anonymous_1)
FNDA:1,(anonymous_2)
DA:8,2
DA:9,3
DA:10,3
DA:12,5
DA:14,3
DA:40,1
LF:6
LH:6
BRDA:21,0,0,3
BRDA:21,0,1,0
BRDA:40,1,0,1
BRDA:40,1,1,0
BRF:4
BRH:2
end_of_record
TN:
SF:src\components\ItemList.js
FN:6,ItemList
FN:9,(anonymous_1)
FN:15,(anonymous_2)
FN:33,(anonymous_3)
FNF:4
FNH:0
FNDA:0,ItemList
FNDA:0,(anonymous_1)
FNDA:0,(anonymous_2)
FNDA:0,(anonymous_3)
DA:7,0
DA:9,0
DA:10,0
DA:13,0
DA:16,0
DA:33,0
LF:6
LH:0
BRDA:25,0,0,0
BRDA:25,0,1,0
BRF:2
BRH:0
end_of_record
TN:
SF:src\components\RestaurantCard.js
FN:3,(anonymous_0)
FN:26,(anonymous_1)
FN:27,(anonymous_2)
FNF:3
FNH:3
FNDA:76,(anonymous_0)
FNDA:8,(anonymous_1)
FNDA:58,(anonymous_2)
DA:3,2
DA:4,76
DA:6,76
DA:7,76
DA:26,2
DA:27,8
DA:28,58
LF:7
LH:7
BRF:0
BRH:0
end_of_record
TN:
SF:src\components\RestaurantCategory.js
FN:5,RestaurantCategory
FN:6,(anonymous_1)
FNF:2
FNH:0
FNDA:0,RestaurantCategory
FNDA:0,(anonymous_1)
DA:6,0
DA:7,0
DA:9,0
LF:3
LH:0
BRDA:20,0,0,0
BRDA:20,0,1,0
BRF:2
BRH:0
end_of_record
TN:
SF:src\components\RestaurantMenu.js
FN:9,(anonymous_0)
FN:34,(anonymous_1)
FN:42,(anonymous_2)
FN:44,(anonymous_3)
FNF:4
FNH:1
FNDA:6,(anonymous_0)
FNDA:0,(anonymous_1)
FNDA:0,(anonymous_2)
FNDA:0,(anonymous_3)
DA:9,1
DA:11,6
DA:12,5
DA:13,5
DA:27,5
DA:30,4
DA:32,0
DA:34,0
DA:36,0
DA:42,0
DA:44,0
LF:11
LH:6
BRDA:27,0,0,1
BRDA:27,0,1,4
BRDA:43,1,0,0
BRDA:43,1,1,0
BRF:4
BRH:2
end_of_record
TN:
SF:src\components\sum.js
FN:1,(anonymous_0)
FNF:1
FNH:1
FNDA:1,(anonymous_0)
DA:1,1
DA:2,1
LF:2
LH:2
BRF:0
BRH:0
end_of_record
TN:
SF:src\utils\AppStore.js
FNF:0
FNH:0
DA:4,2
LF:1
LH:1
BRF:0
BRH:0
end_of_record
TN:
SF:src\utils\CreateSlice.js
FN:9,(anonymous_0)
FN:12,(anonymous_1)
FN:15,(anonymous_2)
FNF:3
FNH:0
FNDA:0,(anonymous_0)
FNDA:0,(anonymous_1)
FNDA:0,(anonymous_2)
DA:3,2
DA:10,0
DA:13,0
DA:16,0
DA:21,2
LF:5
LH:2
BRF:0
BRH:0
end_of_record
TN:
SF:src\utils\Shimmer.js
FN:3,Shimmer
FNF:1
FNH:1
FNDA:3,Shimmer
DA:4,3
LF:1
LH:1
BRF:0
BRH:0
end_of_record
TN:
SF:src\utils\UseOnlineStatus.js
FN:3,UseOnlineStatus
FN:7,(anonymous_1)
FN:8,(anonymous_2)
FN:11,(anonymous_3)
FNF:4
FNH:2
FNDA:10,UseOnlineStatus
FNDA:4,(anonymous_1)
FNDA:0,(anonymous_2)
FNDA:0,(anonymous_3)
DA:5,10
DA:7,10
DA:8,4
DA:9,0
DA:11,4
DA:12,0
DA:16,10
LF:7
LH:5
BRF:0
BRH:0
end_of_record
TN:
SF:src\utils\constant.js
FNF:0
FNH:0
DA:1,4
DA:3,4
DA:5,4
LF:3
LH:3
BRF:0
BRH:0
end_of_record
TN:
SF:src\utils\useRestaurantMenu.js
FN:5,useRestaurantMenu
FN:8,(anonymous_1)
FN:12,(anonymous_2)
FNF:3
FNH:3
FNDA:5,useRestaurantMenu
FNDA:1,(anonymous_1)
FNDA:1,(anonymous_2)
DA:6,5
DA:8,5
DA:9,1
DA:12,5
DA:13,1
DA:16,1
DA:17,1
DA:20,5
LF:8
LH:8
BRF:0
BRH:0
end_of_record
